05/13/2024 06:39:52 PM: INFO: User navigated to Login page
05/13/2024 06:39:53 PM: INFO: User entered username and password
05/13/2024 06:40:11 PM: INFO: User clicked on Login button
05/13/2024 06:40:11 PM: INFO: Asserting if login is successful
05/13/2024 06:40:25 PM: INFO: User navigated to Login page
05/13/2024 06:40:25 PM: INFO: User does not enter anything in username and password fields
05/13/2024 06:40:26 PM: INFO: User clicked on Login button
05/13/2024 06:40:26 PM: INFO: Appropriate warning messages should be displayed under username and password fields
05/13/2024 06:40:44 PM: INFO: User navigated to Login page
05/13/2024 06:40:44 PM: INFO: User entered invalid username and password
05/13/2024 06:40:48 PM: INFO: User clicked on Login button
05/13/2024 06:40:48 PM: INFO: Checking if toast message is displayed
05/13/2024 06:41:53 PM: INFO: User navigated to Login page
05/13/2024 06:41:54 PM: INFO: User entered username and password
05/13/2024 06:42:33 PM: INFO: User clicked on Login button
05/13/2024 06:42:33 PM: INFO: Asserting if login is successful
05/13/2024 06:42:46 PM: INFO: User navigated to Login page
05/13/2024 06:42:46 PM: INFO: User does not enter anything in username and password fields
05/13/2024 06:42:46 PM: INFO: User clicked on Login button
05/13/2024 06:42:47 PM: INFO: Appropriate warning messages should be displayed under username and password fields
05/13/2024 06:43:04 PM: INFO: User navigated to Login page
05/13/2024 06:43:04 PM: INFO: User entered invalid username and password
05/13/2024 06:43:08 PM: INFO: User clicked on Login button
05/13/2024 07:13:51 PM: INFO: User navigated to Login page
05/13/2024 07:13:51 PM: INFO: User entered username and password
05/13/2024 07:14:02 PM: INFO: User clicked on Login button
05/13/2024 07:14:02 PM: INFO: Asserting if login is successful
05/13/2024 07:14:14 PM: INFO: User navigated to Login page
05/13/2024 07:14:14 PM: INFO: User does not enter anything in username and password fields
05/13/2024 07:14:15 PM: INFO: User clicked on Login button
05/13/2024 07:14:15 PM: INFO: Appropriate warning messages should be displayed under username and password fields
05/13/2024 07:14:27 PM: INFO: User navigated to Login page
05/13/2024 07:14:27 PM: INFO: User entered invalid username and password
05/13/2024 07:14:30 PM: INFO: User clicked on Login button
05/13/2024 07:14:31 PM: INFO: Checking if toast message is displayed
05/13/2024 07:15:09 PM: INFO: User navigated to Login page
05/13/2024 07:15:10 PM: INFO: User entered username and password
05/13/2024 07:15:22 PM: INFO: User clicked on Login button
05/13/2024 07:15:22 PM: INFO: Asserting if login is successful
05/13/2024 07:15:34 PM: INFO: User navigated to Login page
05/13/2024 07:15:35 PM: INFO: User does not enter anything in username and password fields
05/13/2024 07:15:35 PM: INFO: User clicked on Login button
05/13/2024 07:15:35 PM: INFO: Appropriate warning messages should be displayed under username and password fields
05/13/2024 07:15:47 PM: INFO: User navigated to Login page
05/13/2024 07:15:47 PM: INFO: User entered invalid username and password
05/13/2024 07:15:51 PM: INFO: User clicked on Login button
05/13/2024 07:15:51 PM: ERROR: 
Traceback (most recent call last):
  File "steps\login.py", line 39, in step_impl
    assert context.retry_login_page.check_invalid_credentials_toast_message(error_message)
           ^^^^^^^^^^^^^^^^^^^^^^^^^^^^^^^^^^^^^^^^^^^^^^^^^^^^^^^^^^^^^^^^^^^^^^^^^^^^^^^
AssertionError
05/13/2024 07:31:40 PM: INFO: User navigated to Login page
05/13/2024 07:31:41 PM: INFO: User entered invalid username and password
05/13/2024 07:31:44 PM: INFO: User clicked on Login button
05/13/2024 07:32:46 PM: INFO: User navigated to Login page
05/13/2024 07:32:46 PM: ERROR: Message: no such element: Unable to locate element: {"method":"css selector","selector":"[id="txtUsername1"]"}
  (Session info: chrome=124.0.6367.158); For documentation on this error, please visit: https://www.selenium.dev/documentation/webdriver/troubleshooting/errors#no-such-element-exception
Stacktrace:
	GetHandleVerifier [0x00007FF64DBF1562+60802]
	(No symbol) [0x00007FF64DB6AC62]
	(No symbol) [0x00007FF64DA27CE4]
	(No symbol) [0x00007FF64DA76D4D]
	(No symbol) [0x00007FF64DA76E1C]
	(No symbol) [0x00007FF64DABCE37]
	(No symbol) [0x00007FF64DA9ABBF]
	(No symbol) [0x00007FF64DABA224]
	(No symbol) [0x00007FF64DA9A923]
	(No symbol) [0x00007FF64DA68FEC]
	(No symbol) [0x00007FF64DA69C21]
	GetHandleVerifier [0x00007FF64DEF41FD+3217949]
	GetHandleVerifier [0x00007FF64DF36197+3488183]
	GetHandleVerifier [0x00007FF64DF2F11F+3459391]
	GetHandleVerifier [0x00007FF64DCAB926+823622]
	(No symbol) [0x00007FF64DB75FFF]
	(No symbol) [0x00007FF64DB70F24]
	(No symbol) [0x00007FF64DB710B2]
	(No symbol) [0x00007FF64DB61904]
	BaseThreadInitThunk [0x00007FF9534D7344+20]
	RtlUserThreadStart [0x00007FF9547C26B1+33]
Traceback (most recent call last):
  File "C:\Users\anujd\PycharmProjects\BehaveBDDPythonProject\pages\BasePage.py", line 27, in get_element
    element = self.driver.find_element(By.ID, locator_value)
              ^^^^^^^^^^^^^^^^^^^^^^^^^^^^^^^^^^^^^^^^^^^^^^
  File "C:\Users\anujd\PycharmProjects\BehaveBDDPythonProject\.venv\Lib\site-packages\selenium\webdriver\remote\webdriver.py", line 741, in find_element
    return self.execute(Command.FIND_ELEMENT, {"using": by, "value": value})["value"]
           ^^^^^^^^^^^^^^^^^^^^^^^^^^^^^^^^^^^^^^^^^^^^^^^^^^^^^^^^^^^^^^^^^
  File "C:\Users\anujd\PycharmProjects\BehaveBDDPythonProject\.venv\Lib\site-packages\selenium\webdriver\remote\webdriver.py", line 347, in execute
    self.error_handler.check_response(response)
  File "C:\Users\anujd\PycharmProjects\BehaveBDDPythonProject\.venv\Lib\site-packages\selenium\webdriver\remote\errorhandler.py", line 229, in check_response
    raise exception_class(message, screen, stacktrace)
selenium.common.exceptions.NoSuchElementException: Message: no such element: Unable to locate element: {"method":"css selector","selector":"[id="txtUsername1"]"}
  (Session info: chrome=124.0.6367.158); For documentation on this error, please visit: https://www.selenium.dev/documentation/webdriver/troubleshooting/errors#no-such-element-exception
Stacktrace:
	GetHandleVerifier [0x00007FF64DBF1562+60802]
	(No symbol) [0x00007FF64DB6AC62]
	(No symbol) [0x00007FF64DA27CE4]
	(No symbol) [0x00007FF64DA76D4D]
	(No symbol) [0x00007FF64DA76E1C]
	(No symbol) [0x00007FF64DABCE37]
	(No symbol) [0x00007FF64DA9ABBF]
	(No symbol) [0x00007FF64DABA224]
	(No symbol) [0x00007FF64DA9A923]
	(No symbol) [0x00007FF64DA68FEC]
	(No symbol) [0x00007FF64DA69C21]
	GetHandleVerifier [0x00007FF64DEF41FD+3217949]
	GetHandleVerifier [0x00007FF64DF36197+3488183]
	GetHandleVerifier [0x00007FF64DF2F11F+3459391]
	GetHandleVerifier [0x00007FF64DCAB926+823622]
	(No symbol) [0x00007FF64DB75FFF]
	(No symbol) [0x00007FF64DB70F24]
	(No symbol) [0x00007FF64DB710B2]
	(No symbol) [0x00007FF64DB61904]
	BaseThreadInitThunk [0x00007FF9534D7344+20]
	RtlUserThreadStart [0x00007FF9547C26B1+33]

05/13/2024 07:32:46 PM: ERROR: 'NoneType' object has no attribute 'click'
Traceback (most recent call last):
  File "C:\Users\anujd\PycharmProjects\BehaveBDDPythonProject\pages\BasePage.py", line 88, in type_into_element
    element.click()
    ^^^^^^^^^^^^^
AttributeError: 'NoneType' object has no attribute 'click'
05/13/2024 07:32:46 PM: INFO: User entered invalid username and password
05/13/2024 07:32:46 PM: INFO: User clicked on Login button
05/13/2024 07:33:47 PM: ERROR: Message: 
Stacktrace:
	GetHandleVerifier [0x00007FF64DBF1562+60802]
	(No symbol) [0x00007FF64DB6AC62]
	(No symbol) [0x00007FF64DA27CE4]
	(No symbol) [0x00007FF64DA76D4D]
	(No symbol) [0x00007FF64DA76E1C]
	(No symbol) [0x00007FF64DABCE37]
	(No symbol) [0x00007FF64DA9ABBF]
	(No symbol) [0x00007FF64DABA224]
	(No symbol) [0x00007FF64DA9A923]
	(No symbol) [0x00007FF64DA68FEC]
	(No symbol) [0x00007FF64DA69C21]
	GetHandleVerifier [0x00007FF64DEF41FD+3217949]
	GetHandleVerifier [0x00007FF64DF36197+3488183]
	GetHandleVerifier [0x00007FF64DF2F11F+3459391]
	GetHandleVerifier [0x00007FF64DCAB926+823622]
	(No symbol) [0x00007FF64DB75FFF]
	(No symbol) [0x00007FF64DB70F24]
	(No symbol) [0x00007FF64DB710B2]
	(No symbol) [0x00007FF64DB61904]
	BaseThreadInitThunk [0x00007FF9534D7344+20]
	RtlUserThreadStart [0x00007FF9547C26B1+33]
Traceback (most recent call last):
  File "C:\Users\anujd\PycharmProjects\BehaveBDDPythonProject\pages\BasePage.py", line 118, in wait_for_visibility_of_element
    return wait.until(
           ^^^^^^^^^^^
  File "C:\Users\anujd\PycharmProjects\BehaveBDDPythonProject\.venv\Lib\site-packages\selenium\webdriver\support\wait.py", line 105, in until
    raise TimeoutException(message, screen, stacktrace)
selenium.common.exceptions.TimeoutException: Message: 
Stacktrace:
	GetHandleVerifier [0x00007FF64DBF1562+60802]
	(No symbol) [0x00007FF64DB6AC62]
	(No symbol) [0x00007FF64DA27CE4]
	(No symbol) [0x00007FF64DA76D4D]
	(No symbol) [0x00007FF64DA76E1C]
	(No symbol) [0x00007FF64DABCE37]
	(No symbol) [0x00007FF64DA9ABBF]
	(No symbol) [0x00007FF64DABA224]
	(No symbol) [0x00007FF64DA9A923]
	(No symbol) [0x00007FF64DA68FEC]
	(No symbol) [0x00007FF64DA69C21]
	GetHandleVerifier [0x00007FF64DEF41FD+3217949]
	GetHandleVerifier [0x00007FF64DF36197+3488183]
	GetHandleVerifier [0x00007FF64DF2F11F+3459391]
	GetHandleVerifier [0x00007FF64DCAB926+823622]
	(No symbol) [0x00007FF64DB75FFF]
	(No symbol) [0x00007FF64DB70F24]
	(No symbol) [0x00007FF64DB710B2]
	(No symbol) [0x00007FF64DB61904]
	BaseThreadInitThunk [0x00007FF9534D7344+20]
	RtlUserThreadStart [0x00007FF9547C26B1+33]

05/13/2024 07:33:47 PM: ERROR: Message: no such element: Unable to locate element: {"method":"xpath","selector":"//div[@class='toast-message']"}
  (Session info: chrome=124.0.6367.158); For documentation on this error, please visit: https://www.selenium.dev/documentation/webdriver/troubleshooting/errors#no-such-element-exception
Stacktrace:
	GetHandleVerifier [0x00007FF64DBF1562+60802]
	(No symbol) [0x00007FF64DB6AC62]
	(No symbol) [0x00007FF64DA27CE4]
	(No symbol) [0x00007FF64DA76D4D]
	(No symbol) [0x00007FF64DA76E1C]
	(No symbol) [0x00007FF64DABCE37]
	(No symbol) [0x00007FF64DA9ABBF]
	(No symbol) [0x00007FF64DABA224]
	(No symbol) [0x00007FF64DA9A923]
	(No symbol) [0x00007FF64DA68FEC]
	(No symbol) [0x00007FF64DA69C21]
	GetHandleVerifier [0x00007FF64DEF41FD+3217949]
	GetHandleVerifier [0x00007FF64DF36197+3488183]
	GetHandleVerifier [0x00007FF64DF2F11F+3459391]
	GetHandleVerifier [0x00007FF64DCAB926+823622]
	(No symbol) [0x00007FF64DB75FFF]
	(No symbol) [0x00007FF64DB70F24]
	(No symbol) [0x00007FF64DB710B2]
	(No symbol) [0x00007FF64DB61904]
	BaseThreadInitThunk [0x00007FF9534D7344+20]
	RtlUserThreadStart [0x00007FF9547C26B1+33]
Traceback (most recent call last):
  File "C:\Users\anujd\PycharmProjects\BehaveBDDPythonProject\pages\BasePage.py", line 35, in get_element
    element = self.driver.find_element(By.XPATH, locator_value)
              ^^^^^^^^^^^^^^^^^^^^^^^^^^^^^^^^^^^^^^^^^^^^^^^^^
  File "C:\Users\anujd\PycharmProjects\BehaveBDDPythonProject\.venv\Lib\site-packages\selenium\webdriver\remote\webdriver.py", line 741, in find_element
    return self.execute(Command.FIND_ELEMENT, {"using": by, "value": value})["value"]
           ^^^^^^^^^^^^^^^^^^^^^^^^^^^^^^^^^^^^^^^^^^^^^^^^^^^^^^^^^^^^^^^^^
  File "C:\Users\anujd\PycharmProjects\BehaveBDDPythonProject\.venv\Lib\site-packages\selenium\webdriver\remote\webdriver.py", line 347, in execute
    self.error_handler.check_response(response)
  File "C:\Users\anujd\PycharmProjects\BehaveBDDPythonProject\.venv\Lib\site-packages\selenium\webdriver\remote\errorhandler.py", line 229, in check_response
    raise exception_class(message, screen, stacktrace)
selenium.common.exceptions.NoSuchElementException: Message: no such element: Unable to locate element: {"method":"xpath","selector":"//div[@class='toast-message']"}
  (Session info: chrome=124.0.6367.158); For documentation on this error, please visit: https://www.selenium.dev/documentation/webdriver/troubleshooting/errors#no-such-element-exception
Stacktrace:
	GetHandleVerifier [0x00007FF64DBF1562+60802]
	(No symbol) [0x00007FF64DB6AC62]
	(No symbol) [0x00007FF64DA27CE4]
	(No symbol) [0x00007FF64DA76D4D]
	(No symbol) [0x00007FF64DA76E1C]
	(No symbol) [0x00007FF64DABCE37]
	(No symbol) [0x00007FF64DA9ABBF]
	(No symbol) [0x00007FF64DABA224]
	(No symbol) [0x00007FF64DA9A923]
	(No symbol) [0x00007FF64DA68FEC]
	(No symbol) [0x00007FF64DA69C21]
	GetHandleVerifier [0x00007FF64DEF41FD+3217949]
	GetHandleVerifier [0x00007FF64DF36197+3488183]
	GetHandleVerifier [0x00007FF64DF2F11F+3459391]
	GetHandleVerifier [0x00007FF64DCAB926+823622]
	(No symbol) [0x00007FF64DB75FFF]
	(No symbol) [0x00007FF64DB70F24]
	(No symbol) [0x00007FF64DB710B2]
	(No symbol) [0x00007FF64DB61904]
	BaseThreadInitThunk [0x00007FF9534D7344+20]
	RtlUserThreadStart [0x00007FF9547C26B1+33]

05/13/2024 07:33:47 PM: ERROR: 'NoneType' object has no attribute 'text'
Traceback (most recent call last):
  File "C:\Users\anujd\PycharmProjects\BehaveBDDPythonProject\pages\BasePage.py", line 104, in element_text_equals
    return element.text.__eq__(expected_text)
           ^^^^^^^^^^^^
AttributeError: 'NoneType' object has no attribute 'text'
05/13/2024 07:48:09 PM: INFO: User navigated to Login page
05/13/2024 07:48:17 PM: INFO: User navigated to Login page
05/13/2024 07:48:25 PM: INFO: User navigated to Login page
05/13/2024 07:48:33 PM: INFO: User navigated to Login page
05/13/2024 07:48:40 PM: INFO: User navigated to Login page
05/13/2024 07:48:48 PM: INFO: User navigated to Login page
05/13/2024 07:48:56 PM: INFO: User navigated to Login page
05/13/2024 07:49:06 PM: INFO: The GET response body contains the required details
05/13/2024 07:51:04 PM: INFO: User navigated to Login page
05/13/2024 07:51:12 PM: INFO: User navigated to Login page
05/13/2024 07:51:42 PM: INFO: User navigated to Login page
05/13/2024 07:51:50 PM: INFO: User navigated to Login page
05/13/2024 07:51:58 PM: INFO: User navigated to Login page
05/13/2024 07:52:12 PM: INFO: User navigated to Login page
05/13/2024 07:52:20 PM: INFO: User navigated to Login page
05/13/2024 07:52:59 PM: INFO: User navigated to Login page
05/13/2024 07:52:59 PM: INFO: User entered username and password
05/13/2024 07:53:10 PM: INFO: User clicked on Login button
05/13/2024 07:53:10 PM: INFO: Asserting if login is successful
05/13/2024 07:53:23 PM: INFO: User navigated to Login page
05/13/2024 07:53:23 PM: INFO: User does not enter anything in username and password fields
05/13/2024 07:53:23 PM: INFO: User clicked on Login button
05/13/2024 07:53:23 PM: INFO: Appropriate warning messages should be displayed under username and password fields
05/13/2024 07:53:50 PM: INFO: User navigated to Login page
05/13/2024 07:53:51 PM: INFO: User entered username and password
05/13/2024 07:54:07 PM: INFO: User clicked on Login button
05/13/2024 07:54:08 PM: INFO: Asserting if login is successful
05/13/2024 07:54:08 PM: INFO: User clicked on Employee List link
05/13/2024 07:54:13 PM: INFO: User clicked on Search icon in Employee name field
05/13/2024 07:54:29 PM: INFO: User navigated to Login page
05/13/2024 07:54:30 PM: INFO: User entered username and password
05/13/2024 07:54:59 PM: INFO: User clicked on Login button
05/13/2024 07:54:59 PM: INFO: Asserting if login is successful
05/13/2024 07:55:00 PM: INFO: User clicked on Employee List link
05/13/2024 07:55:10 PM: INFO: User clicked on Search icon in Employee name field
05/13/2024 07:55:27 PM: INFO: User navigated to Login page
05/13/2024 07:55:28 PM: INFO: User entered username and password
05/13/2024 07:55:49 PM: INFO: User clicked on Login button
05/13/2024 07:55:49 PM: INFO: Asserting if login is successful
05/13/2024 07:55:50 PM: INFO: User clicked on 'Request Desk' option from the left menu
05/13/2024 07:56:09 PM: INFO: User selected 'Resignation Request' from the Request type dropdown
05/13/2024 07:56:10 PM: INFO: User clicked on Next button
05/13/2024 07:56:13 PM: INFO: User clicks on Cancel button
05/13/2024 07:56:25 PM: INFO: User navigated to Login page
05/13/2024 07:56:25 PM: INFO: User entered username and password
05/13/2024 07:56:46 PM: INFO: User clicked on Login button
05/13/2024 07:56:47 PM: INFO: Asserting if login is successful
05/13/2024 07:56:48 PM: INFO: User clicked on 'Request Desk' option from the left menu
05/13/2024 07:57:04 PM: INFO: User selected 'Resignation Request' from the Request type dropdown
05/13/2024 07:57:04 PM: INFO: User clicked on Next button
05/13/2024 07:57:07 PM: INFO: User clicks on Cancel button
05/13/2024 07:57:21 PM: INFO: User navigated to Login page
05/13/2024 07:57:22 PM: INFO: User entered username and password
05/13/2024 07:57:41 PM: INFO: User clicked on Login button
05/13/2024 07:57:41 PM: INFO: Asserting if login is successful
05/13/2024 07:57:55 PM: INFO: User navigated to Login page
05/13/2024 07:57:55 PM: INFO: User does not enter anything in username and password fields
05/13/2024 07:57:56 PM: INFO: User clicked on Login button
05/13/2024 07:57:56 PM: INFO: Appropriate warning messages should be displayed under username and password fields
05/13/2024 07:58:08 PM: INFO: User navigated to Login page
05/13/2024 07:58:09 PM: INFO: User entered invalid username and password
05/13/2024 07:58:13 PM: INFO: User clicked on Login button
05/13/2024 07:58:13 PM: INFO: Checking if toast message is displayed
05/13/2024 07:58:28 PM: INFO: The GET response body contains the required details
